Removed Pin From Net: NetName=GND Pin=C4-1
Removed Pin From Net: NetName=NetD6_2 Pin=D11-1
Removed Pin From Net: NetName=VIN Pin=L1-1
Removed Pin From Net: NetName=VIN Pin=R3-2
Removed Pin From Net: NetName=GND Pin=R4-2
Removed Pin From Net: NetName=GND Pin=U1-3
Removed Pin From Net: NetName=VIN Pin=U1-6
Removed Member From Class: ClassName=LED_driver Member=C4
Removed Member From Class: ClassName=LED_driver Member=D7
Removed Member From Class: ClassName=LED_driver Member=D8
Removed Member From Class: ClassName=LED_driver Member=D9
Removed Member From Class: ClassName=LED_driver Member=D10
Removed Member From Class: ClassName=LED_driver Member=D11
Removed Member From Class: ClassName=LED_driver Member=L1
Removed Member From Class: ClassName=LED_driver Member=R2
Removed Member From Class: ClassName=LED_driver Member=R3
Removed Member From Class: ClassName=LED_driver Member=R4
Removed Member From Class: ClassName=LED_driver Member=U1
Added Pin To Net: NetName=VIN Pin=D1-1
Added Pin To Net: NetName=NetD6_2 Pin=R1-2
